<?xml version="1.0" encoding="UTF-8"?>
<!-- Generated by org.testng.reporters.JUnitReportReporter -->
<testsuite hostname="LAPTOP-JPAOG5NK" failures="0" tests="3" name="com.crm.qa.testdata.LoginPageTest" time="61.863" errors="0" timestamp="2022-12-25T23:15:25 IST" skipped="0">
  <testcase classname="com.crm.qa.testdata.LoginPageTest" name="loginPageTitleTest" time="17.808"/>
  <system-out/>
  <testcase classname="com.crm.qa.testdata.LoginPageTest" name="crmLogoImageTest" time="19.843"/>
  <system-out/>
  <testcase classname="com.crm.qa.testdata.LoginPageTest" name="loginTest" time="24.212"/>
  <system-out/>
</testsuite> <!-- com.crm.qa.testdata.LoginPageTest -->
